Input #0, mov,mp4,m4a,3gp,3g2,mj2, from 'jumpcut_edits.mp4':
  Metadata:
    major_brand     : mp42
    minor_version   : 0
    compatible_brands: isommp42
    creation_time   : 2024-09-12T12:25:45.000000Z
    encoder         : Google
  Duration: 00:03:43.07, start: 0.000000, bitrate: 192 kb/s
  Stream #0:0(und): Video: h264 (Main) (avc1 / 0x31637661), yuv420p(tv, bt709), 640x360 [SAR 1:1 DAR 16:9], 60 kb/s, 23.98 fps, 23.98 tbr, 24k tbn, 47.95 tbc (default)
    Metadata:
      creation_time   : 2024-09-12T12:25:45.000000Z
      handler_name    : ISO Media file produced by Google Inc. Created on: 09/12/2024.
      vendor_id       : [0][0][0][0]
  Stream #0:1(eng): Audio: aac (LC) (mp4a / 0x6134706D), 44100 Hz, stereo, fltp, 127 kb/s (default)
    Metadata:
      creation_time   : 2024-09-12T12:25:45.000000Z
      handler_name    : ISO Media file produced by Google Inc. Created on: 09/12/2024.
      vendor_id       : [0][0][0][0]
Stream mapping:
  Stream #0:0 -> #0:0 (h264 (native) -> wrapped_avframe (native))
  Stream #0:1 -> #0:1 (aac (native) -> pcm_s16le (native))
Press [q] to stop, [?] for help
Output #0, null, to 'pipe:':
  Metadata:
    major_brand     : mp42
    minor_version   : 0
    compatible_brands: isommp42
    encoder         : Lavf58.76.100
  Stream #0:0(und): Video: wrapped_avframe, yuv420p(tv, bt709, progressive), 640x360 [SAR 1:1 DAR 16:9], q=2-31, 200 kb/s, 23.98 fps, 23.98 tbn (default)
    Metadata:
      creation_time   : 2024-09-12T12:25:45.000000Z
      handler_name    : ISO Media file produced by Google Inc. Created on: 09/12/2024.
      vendor_id       : [0][0][0][0]
      encoder         : Lavc58.134.100 wrapped_avframe
  Stream #0:1(eng): Audio: pcm_s16le, 44100 Hz, stereo, s16, 1411 kb/s (default)
    Metadata:
      creation_time   : 2024-09-12T12:25:45.000000Z
      handler_name    : ISO Media file produced by Google Inc. Created on: 09/12/2024.
      vendor_id       : [0][0][0][0]
      encoder         : Lavc58.134.100 pcm_s16le
frame=    2 fps=0.0 q=-0.0 size=N/A time=00:00:00.08 bitrate=N/A speed=0.794x    [silencedetect @ 0x559a2ea57100] silence_start: 0
[silencedetect @ 0x559a2ea57100] silence_end: 2.20141 | silence_duration: 2.20141
[silencedetect @ 0x559a2ea57100] silence_start: 3.77485
[silencedetect @ 0x559a2ea57100] silence_end: 5.00769 | silence_duration: 1.23283
[silencedetect @ 0x559a2ea57100] silence_start: 5.20569
[silencedetect @ 0x559a2ea57100] silence_end: 5.90696 | silence_duration: 0.70127
[silencedetect @ 0x559a2ea57100] silence_start: 7.67868
[silencedetect @ 0x559a2ea57100] silence_end: 8.40052 | silence_duration: 0.721837
[silencedetect @ 0x559a2ea57100] silence_start: 9.52932
[silencedetect @ 0x559a2ea57100] silence_end: 13.9159 | silence_duration: 4.38658
[silencedetect @ 0x559a2ea57100] silence_start: 14.1083
[silencedetect @ 0x559a2ea57100] silence_end: 14.8561 | silence_duration: 0.7478
[silencedetect @ 0x559a2ea57100] silence_start: 16.7866
[silencedetect @ 0x559a2ea57100] silence_end: 17.4654 | silence_duration: 0.678798
[silencedetect @ 0x559a2ea57100] silence_start: 18.8625
[silencedetect @ 0x559a2ea57100] silence_end: 19.9099 | silence_duration: 1.04746
[silencedetect @ 0x559a2ea57100] silence_start: 20.709
[silencedetect @ 0x559a2ea57100] silence_end: 21.7059 | silence_duration: 0.996939
[silencedetect @ 0x559a2ea57100] silence_start: 22.0967
[silencedetect @ 0x559a2ea57100] silence_end: 22.6005 | silence_duration: 0.503832
[silencedetect @ 0x559a2ea57100] silence_start: 24.7953
[silencedetect @ 0x559a2ea57100] silence_end: 30.2044 | silence_duration: 5.40909
[silencedetect @ 0x559a2ea57100] silence_start: 30.6115
[silencedetect @ 0x559a2ea57100] silence_end: 46.1473 | silence_duration: 15.5358
[silencedetect @ 0x559a2ea57100] silence_start: 48.0281
[silencedetect @ 0x559a2ea57100] silence_end: 49.794 | silence_duration: 1.76587
[silencedetect @ 0x559a2ea57100] silence_start: 52.4558
[silencedetect @ 0x559a2ea57100] silence_end: 54.0559 | silence_duration: 1.60014
[silencedetect @ 0x559a2ea57100] silence_start: 55.3763
[silencedetect @ 0x559a2ea57100] silence_end: 55.9098 | silence_duration: 0.533492
[silencedetect @ 0x559a2ea57100] silence_start: 56.24
[silencedetect @ 0x559a2ea57100] silence_end: 56.7708 | silence_duration: 0.530794
[silencedetect @ 0x559a2ea57100] silence_start: 57.3703
[silencedetect @ 0x559a2ea57100] silence_end: 58.3492 | silence_duration: 0.978934
[silencedetect @ 0x559a2ea57100] silence_start: 59.2634
[silencedetect @ 0x559a2ea57100] silence_end: 61.0288 | silence_duration: 1.76546
[silencedetect @ 0x559a2ea57100] silence_start: 62.1743
[silencedetect @ 0x559a2ea57100] silence_end: 62.8854 | silence_duration: 0.711043
frame= 1528 fps=0.0 q=-0.0 size=N/A time=00:01:03.78 bitrate=N/A speed= 105x    [silencedetect @ 0x559a2ea57100] silence_start: 64.1021
[silencedetect @ 0x559a2ea57100] silence_end: 64.6718 | silence_duration: 0.569728
[silencedetect @ 0x559a2ea57100] silence_start: 65.2953
[silencedetect @ 0x559a2ea57100] silence_end: 66.6632 | silence_duration: 1.36796
[silencedetect @ 0x559a2ea57100] silence_start: 67.8309
[silencedetect @ 0x559a2ea57100] silence_end: 68.8647 | silence_duration: 1.03383
[silencedetect @ 0x559a2ea57100] silence_start: 70.1403
[silencedetect @ 0x559a2ea57100] silence_end: 72.638 | silence_duration: 2.49778
[silencedetect @ 0x559a2ea57100] silence_start: 74.3874
[silencedetect @ 0x559a2ea57100] silence_end: 75.1725 | silence_duration: 0.785034
[silencedetect @ 0x559a2ea57100] silence_start: 76.7925
[silencedetect @ 0x559a2ea57100] silence_end: 77.5746 | silence_duration: 0.782177
[silencedetect @ 0x559a2ea57100] silence_start: 78.7202
[silencedetect @ 0x559a2ea57100] silence_end: 80.4219 | silence_duration: 1.70166
[silencedetect @ 0x559a2ea57100] silence_start: 84.4965
[silencedetect @ 0x559a2ea57100] silence_end: 95.5024 | silence_duration: 11.0059
[silencedetect @ 0x559a2ea57100] silence_start: 95.9245
[silencedetect @ 0x559a2ea57100] silence_end: 97.6205 | silence_duration: 1.69601
[silencedetect @ 0x559a2ea57100] silence_start: 98.0274
[silencedetect @ 0x559a2ea57100] silence_end: 99.2792 | silence_duration: 1.25177
[silencedetect @ 0x559a2ea57100] silence_start: 100.467
[silencedetect @ 0x559a2ea57100] silence_end: 106.735 | silence_duration: 6.26878
[silencedetect @ 0x559a2ea57100] silence_start: 108.005
[silencedetect @ 0x559a2ea57100] silence_end: 109.337 | silence_duration: 1.33215
[silencedetect @ 0x559a2ea57100] silence_start: 112.177
[silencedetect @ 0x559a2ea57100] silence_end: 117.348 | silence_duration: 5.17116
[silencedetect @ 0x559a2ea57100] silence_start: 117.836
[silencedetect @ 0x559a2ea57100] silence_end: 119.682 | silence_duration: 1.84635
[silencedetect @ 0x559a2ea57100] silence_start: 120.583
[silencedetect @ 0x559a2ea57100] silence_end: 124.481 | silence_duration: 3.89812
[silencedetect @ 0x559a2ea57100] silence_start: 125.042
[silencedetect @ 0x559a2ea57100] silence_end: 125.951 | silence_duration: 0.908685
[silencedetect @ 0x559a2ea57100] silence_start: 126.837
[silencedetect @ 0x559a2ea57100] silence_end: 127.899 | silence_duration: 1.06156
[silencedetect @ 0x559a2ea57100] silence_start: 128.294
[silencedetect @ 0x559a2ea57100] silence_end: 129.831 | silence_duration: 1.5376
[silencedetect @ 0x559a2ea57100] silence_start: 134.029
[silencedetect @ 0x559a2ea57100] silence_end: 137.01 | silence_duration: 2.98111
[silencedetect @ 0x559a2ea57100] silence_start: 137.684
[silencedetect @ 0x559a2ea57100] silence_end: 138.193 | silence_duration: 0.509864
[silencedetect @ 0x559a2ea57100] silence_start: 138.59
[silencedetect @ 0x559a2ea57100] silence_end: 141.85 | silence_duration: 3.25964
[silencedetect @ 0x559a2ea57100] silence_start: 143.796
[silencedetect @ 0x559a2ea57100] silence_end: 146.544 | silence_duration: 2.74785
[silencedetect @ 0x559a2ea57100] silence_start: 150.856
frame= 3654 fps=3306 q=-0.0 size=N/A time=00:02:32.41 bitrate=N/A speed= 138x    [silencedetect @ 0x559a2ea57100] silence_end: 155.425 | silence_duration: 4.56946
[silencedetect @ 0x559a2ea57100] silence_start: 155.767
[silencedetect @ 0x559a2ea57100] silence_end: 158.038 | silence_duration: 2.27095
[silencedetect @ 0x559a2ea57100] silence_start: 159.367
[silencedetect @ 0x559a2ea57100] silence_end: 162.94 | silence_duration: 3.57297
[silencedetect @ 0x559a2ea57100] silence_start: 164.126
[silencedetect @ 0x559a2ea57100] silence_end: 167.307 | silence_duration: 3.1805
[silencedetect @ 0x559a2ea57100] silence_start: 169.028
[silencedetect @ 0x559a2ea57100] silence_end: 170.631 | silence_duration: 1.60322
[silencedetect @ 0x559a2ea57100] silence_start: 171.681
[silencedetect @ 0x559a2ea57100] silence_end: 173.032 | silence_duration: 1.35098
[silencedetect @ 0x559a2ea57100] silence_start: 173.806
[silencedetect @ 0x559a2ea57100] silence_end: 175.903 | silence_duration: 2.09728
[silencedetect @ 0x559a2ea57100] silence_start: 177.69
[silencedetect @ 0x559a2ea57100] silence_end: 183.847 | silence_duration: 6.1563
[silencedetect @ 0x559a2ea57100] silence_start: 186.077
[silencedetect @ 0x559a2ea57100] silence_end: 190.784 | silence_duration: 4.70707
[silencedetect @ 0x559a2ea57100] silence_start: 190.918
[silencedetect @ 0x559a2ea57100] silence_end: 192.395 | silence_duration: 1.4763
[silencedetect @ 0x559a2ea57100] silence_start: 192.48
[silencedetect @ 0x559a2ea57100] silence_end: 194.025 | silence_duration: 1.54531
[silencedetect @ 0x559a2ea57100] silence_start: 194.239
[silencedetect @ 0x559a2ea57100] silence_end: 195.277 | silence_duration: 1.03762
[silencedetect @ 0x559a2ea57100] silence_start: 196.489
[silencedetect @ 0x559a2ea57100] silence_end: 200.013 | silence_duration: 3.52422
[silencedetect @ 0x559a2ea57100] silence_start: 200.179
[silencedetect @ 0x559a2ea57100] silence_end: 200.811 | silence_duration: 0.632426
[silencedetect @ 0x559a2ea57100] silence_start: 216.625
frame= 5348 fps=3474 q=-0.0 Lsize=N/A time=00:03:43.05 bitrate=N/A speed= 145x    
video:2799kB audio:38428kB subtitle:0kB other streams:0kB global headers:0kB muxing overhead: unknown
[silencedetect @ 0x559a2ea57100] silence_end: 223.074 | silence_duration: 6.44909
